Determining if the pthread_create exist failed with the following output:
Change Dir: /home/sabrino/exprob/exprob1_ws/build/CMakeFiles/CMakeTmp

Run Build Command:"/usr/bin/make" "cmTC_c204f/fast"
/usr/bin/make -f CMakeFiles/cmTC_c204f.dir/build.make CMakeFiles/cmTC_c204f.dir/build
make[1]: ingresso nella directory "/home/sabrino/exprob/exprob1_ws/build/CMakeFiles/CMakeTmp"
Building C object CMakeFiles/cmTC_c204f.dir/CheckSymbolExists.c.o
/usr/bin/cc     -o CMakeFiles/cmTC_c204f.dir/CheckSymbolExists.c.o   -c /home/sabrino/exprob/exprob1_ws/build/CMakeFiles/CMakeTmp/CheckSymbolExists.c
Linking C executable cmTC_c204f
/usr/bin/cmake -E cmake_link_script CMakeFiles/cmTC_c204f.dir/link.txt --verbose=1
/usr/bin/cc       CMakeFiles/cmTC_c204f.dir/CheckSymbolExists.c.o  -o cmTC_c204f -rdynamic 
CMakeFiles/cmTC_c204f.dir/CheckSymbolExists.c.o: nella funzione "main":
CheckSymbolExists.c:(.text+0x16): riferimento non definito a "pthread_create"
collect2: error: ld returned 1 exit status
CMakeFiles/cmTC_c204f.dir/build.make:97: set di istruzioni per l'obiettivo "cmTC_c204f" non riuscito
make[1]: *** [cmTC_c204f] Errore 1
make[1]: uscita dalla directory "/home/sabrino/exprob/exprob1_ws/build/CMakeFiles/CMakeTmp"
Makefile:126: set di istruzioni per l'obiettivo "cmTC_c204f/fast" non riuscito
make: *** [cmTC_c204f/fast] Errore 2

File /home/sabrino/exprob/exprob1_ws/build/CMakeFiles/CMakeTmp/CheckSymbolExists.c:
/* */
#include <pthread.h>

int main(int argc, char** argv)
{
  (void)argv;
#ifndef pthread_create
  return ((int*)(&pthread_create))[argc];
#else
  (void)argc;
  return 0;
#endif
}

Determining if the function pthread_create exists in the pthreads failed with the following output:
Change Dir: /home/sabrino/exprob/exprob1_ws/build/CMakeFiles/CMakeTmp

Run Build Command:"/usr/bin/make" "cmTC_15bac/fast"
/usr/bin/make -f CMakeFiles/cmTC_15bac.dir/build.make CMakeFiles/cmTC_15bac.dir/build
make[1]: ingresso nella directory "/home/sabrino/exprob/exprob1_ws/build/CMakeFiles/CMakeTmp"
Building C object CMakeFiles/cmTC_15bac.dir/CheckFunctionExists.c.o
/usr/bin/cc    -DCHECK_FUNCTION_EXISTS=pthread_create   -o CMakeFiles/cmTC_15bac.dir/CheckFunctionExists.c.o   -c /usr/share/cmake-3.5/Modules/CheckFunctionExists.c
Linking C executable cmTC_15bac
/usr/bin/cmake -E cmake_link_script CMakeFiles/cmTC_15bac.dir/link.txt --verbose=1
/usr/bin/cc   -DCHECK_FUNCTION_EXISTS=pthread_create    CMakeFiles/cmTC_15bac.dir/CheckFunctionExists.c.o  -o cmTC_15bac -rdynamic -lpthreads 
/usr/bin/ld: impossibile trovare -lpthreads
collect2: error: ld returned 1 exit status
CMakeFiles/cmTC_15bac.dir/build.make:97: set di istruzioni per l'obiettivo "cmTC_15bac" non riuscito
make[1]: *** [cmTC_15bac] Errore 1
make[1]: uscita dalla directory "/home/sabrino/exprob/exprob1_ws/build/CMakeFiles/CMakeTmp"
Makefile:126: set di istruzioni per l'obiettivo "cmTC_15bac/fast" non riuscito
make: *** [cmTC_15bac/fast] Errore 2


